2026-01-11 06:19:52,124 - INFO - No match: 'A+ Property Management' - best: 'PROPERTY A+ LTD' (65%)
2026-01-11 06:30:24,639 - INFO - No match: '34 Camphill Avenue Owners Association' -> best: '24 CAMPHILL AVENUE LLP' (79%)
2026-01-11 06:30:24,676 - INFO -   Compared: '34 camphill avenue owners' vs '24 camphill avenue'
2026-01-11 06:30:45,579 - INFO - No match: 'A+ Property Management' -> best: 'PROPERTY A+ LTD' (69%)
2026-01-11 06:30:45,579 - INFO -   Compared: 'a property management' vs 'property a ltd'
2026-01-11 06:31:04,613 - INFO - No match: 'Aberdeen City Council' -> best: 'K BRADY & ABERDEEN CITY COUNCIL' (75%)
2026-01-11 06:31:04,613 - INFO -   Compared: 'city council' vs 'k brady city council'
2026-01-11 06:32:57,324 - INFO - No match: 'ALAN A HAXTON' -> best: 'HAXTON PROPERTY LTD' (71%)
2026-01-11 06:32:57,325 - INFO -   Compared: 'alan haxton' vs 'haxton'
2026-01-11 06:32:58,232 - INFO - No match: 'Alan A Haxton FRICS' -> best: 'A.J. ALLEN FRICS LIMITED' (67%)
2026-01-11 06:32:58,232 - INFO -   Compared: 'alan haxton frics' vs 'j allen frics'
2026-01-11 06:32:59,000 - INFO - No match: 'Alan Gebbie' -> best: 'GEBBIE PROPERTY CONSULTANCY LIMITED' (69%)
2026-01-11 06:32:59,000 - INFO -   Compared: 'alan gebbie' vs 'gebbie consultancy'
2026-01-11 06:33:39,608 - INFO - No match: 'Anderson Banks' -> best: 'ANTHONY BANKS LIMITED' (74%)
2026-01-11 06:33:39,608 - INFO -   Compared: 'anderson banks' vs 'anthony banks'
2026-01-11 06:33:40,376 - INFO - No match: 'Angus Council Housing Division' -> best: 'PIONEER COUNCIL HOUSING ASSOCIATION LIMI' (59%)
2026-01-11 06:33:40,376 - INFO -   Compared: 'angus council division' vs 'pioneer council'
2026-01-11 06:33:54,126 - INFO - No match: 'Anne Gordon' -> best: 'AAA LONDON PROPERTIES LTD' (57%)
2026-01-11 06:33:54,127 - INFO -   Compared: 'anne gordon' vs 'aaa london'
2026-01-11 06:33:55,172 - INFO - No match: 'Antonine Housing Association' -> best: 'ANTONINE HOUSING COOPERTIVE LIMITED' (59%)
2026-01-11 06:33:55,172 - INFO -   Compared: 'antonine' vs 'antonine coopertive'
2026-01-11 06:34:47,886 - INFO - No match: 'Augusto Barale' -> best: 'DORE AND AUGUSTO LIMITED' (77%)
2026-01-11 06:34:47,886 - INFO -   Compared: 'augusto barale' vs 'dore augusto'
2026-01-11 06:36:39,631 - INFO - No match: 'Boomerang Factoring' -> best: 'BOOMERANG MARKETING LIMITED' (64%)
2026-01-11 06:36:39,632 - INFO -   Compared: 'boomerang' vs 'boomerang marketing'
2026-01-11 06:37:13,029 - INFO - No match: 'Bruce Macphail trading as guardian property F.S' -> best: 'SHARK GUARDIAN TRADING LIMITED' (63%)
2026-01-11 06:37:13,029 - INFO -   Compared: 'bruce macphail trading as guardian f s' vs 'shark guardian trading'
2026-01-11 06:37:13,925 - INFO - No match: 'Bryan Murray' -> best: 'A. BRYAN BUILDERS LIMITED' (62%)
2026-01-11 06:37:13,925 - INFO -   Compared: 'bryan murray' vs 'bryan builders'
2026-01-11 06:38:47,580 - INFO - No match: 'Clackmannanshire Council' -> best: 'DISCOVER CLACKMANNANSHIRE LIMITED' (78%)
2026-01-11 06:38:47,580 - INFO -   Compared: 'clackmannanshire council' vs 'discover clackmannanshire'
2026-01-11 06:40:48,772 - INFO - No match: 'Cumming Turner & Watt' -> best: 'CUMMING & GRANT' (69%)
2026-01-11 06:40:48,773 - INFO -   Compared: 'cumming turner watt' vs 'cumming grant'
2026-01-11 06:41:09,648 - INFO - No match: 'D&R Lorne Brown t/a Allied Surveyors Scotland plc' -> best: 'ALLIED SURVEYORS DILIGENCE LTD' (70%)
2026-01-11 06:41:09,648 - INFO -   Compared: 'd r lorne brown t allied surveyors' vs 'allied surveyors diligence'
2026-01-11 06:41:17,163 - INFO - No match: 'David Morris trading as 12BC Property Management' -> best: 'DAVID MORRIS ASSOCIATES LTD.' (63%)
2026-01-11 06:41:17,164 - INFO -   Compared: 'david morris trading as 12bc' vs 'david morris associates'
2026-01-11 06:41:21,316 - INFO - No match: 'David Robin Wardhaugh' -> best: 'A WARDHAUGH CONSULTING LTD' (63%)
2026-01-11 06:41:21,316 - INFO -   Compared: 'david robin wardhaugh' vs 'wardhaugh consulting'
2026-01-11 06:41:25,484 - INFO - No match: 'Denise Baykal' -> best: 'DENISE BEAUTY LIMITED' (77%)
2026-01-11 06:41:25,484 - INFO -   Compared: 'denise baykal' vs 'denise beauty'
2026-01-11 06:41:43,070 - INFO - No match: 'Douglas J Duncan Building Consultant' -> best: 'S & R DUNCAN BUILDING CONTRACTORS LIMITE' (75%)
2026-01-11 06:41:43,070 - INFO -   Compared: 'douglas j duncan building consultant' vs 's r duncan building contractors'
2026-01-11 06:41:53,947 - INFO - No match: 'Dundee City Council' -> best: 'K BRADY & ABERDEEN CITY COUNCIL' (75%)
2026-01-11 06:41:53,948 - INFO -   Compared: 'city council' vs 'k brady city council'
2026-01-11 06:42:01,313 - INFO - No match: 'East Ayrshire Council' -> best: 'AYRSHIRE COUNCIL ON ALCOHOL THE' (74%)
2026-01-11 06:42:01,314 - INFO -   Compared: 'ayrshire council' vs 'ayrshire council on alcohol'
2026-01-11 06:42:12,089 - INFO - No match: 'East Lothian Property Management Ltd t/a ELPM' -> best: 'EAST LOTHIAN PROPERTY MANAGEMENT LIMITED' (67%)
2026-01-11 06:42:12,089 - INFO -   Compared: 'lothian t elpm' vs 'lothian'
2026-01-11 06:42:12,866 - INFO - No match: 'East Renfrewshire Council' -> best: 'EAST RENFREWSHIRE ELECTRICAL SERVICES LT' (74%)
2026-01-11 06:42:12,866 - INFO -   Compared: 'renfrewshire council' vs 'renfrewshire electrical'
2026-01-11 06:42:20,197 - INFO - No match: 'Eddie Uriarte' -> best: 'EDDIE & CO YORKSHIRE LTD' (71%)
2026-01-11 06:42:20,199 - INFO -   Compared: 'eddie uriarte' vs 'eddie yorkshire'
2026-01-11 06:42:34,534 - INFO - No match: 'Edzell Property Services LLP t/a Edzell Property' -> best: 'EDZELL DESIGN LIMITED' (64%)
2026-01-11 06:42:34,535 - INFO -   Compared: 'edzell t edzell' vs 'edzell design'
2026-01-11 06:43:09,616 - INFO - No match: 'Etimon Limited' -> best: 'ETI2020 LIMITED' (46%)
2026-01-11 06:43:09,617 - INFO -   Compared: 'etimon' vs 'eti2020'
2026-01-11 06:43:10,562 - INFO - No match: 'Eunice Cameron T/A Orchard Arts and Antiques' -> best: 'WENTWORTH ARTS, CRAFTS AND ANTIQUES LIMI' (65%)
2026-01-11 06:43:10,563 - INFO -   Compared: 'eunice cameron t orchard arts antiques' vs 'wentworth arts crafts antiques'
2026-01-11 06:43:37,276 - INFO - No match: 'Falkirk Council' -> best: 'AJ FALKIRK LIMITED' (64%)
2026-01-11 06:43:37,277 - INFO -   Compared: 'falkirk council' vs 'aj falkirk'
2026-01-11 06:43:51,415 - INFO - No match: 'Fife Council' -> best: 'ACCOUNTING SERVICES FIFE LTD' (74%)
2026-01-11 06:43:51,415 - INFO -   Compared: 'fife council' vs 'accounting fife'
2026-01-11 06:44:22,249 - INFO - No match: 'Florance Kennedy T/A Edinburgh Stair Management' -> best: 'MADE IN FLORANCE LTD' (60%)
2026-01-11 06:44:22,250 - INFO -   Compared: 'florance kennedy t stair' vs 'made in florance'
2026-01-11 06:45:04,474 - INFO - No match: 'Gardeen Housing Association Limited' -> best: 'GARDEEN HOUSING CO-OPERATIVE LIMITED' (58%)
2026-01-11 06:45:04,475 - INFO -   Compared: 'gardeen' vs 'gardeen operative'
2026-01-11 06:45:59,069 - INFO - No match: 'Gordon McTavish' -> best: 'FORBES AND MCTAVISH LIMITED' (73%)
2026-01-11 06:45:59,070 - INFO -   Compared: 'gordon mctavish' vs 'forbes mctavish'
2026-01-11 06:46:03,206 - INFO - No match: 'Gordon Ritchie trading as Connons' -> best: 'RITCHIE & GORDON ROOFING LIMITED' (69%)
2026-01-11 06:46:03,206 - INFO -   Compared: 'gordon ritchie trading as connons' vs 'ritchie gordon roofing'
2026-01-11 06:48:45,489 - INFO - No match: 'J S CAMPBELL MRICS' -> best: 'J. CAMPBELL & SONS' (79%)
2026-01-11 06:48:45,490 - INFO -   Compared: 'j s campbell mrics' vs 'j campbell sons'
2026-01-11 06:49:27,333 - INFO - No match: 'John Mullan' -> best: 'D MULLAN PROPERTIES LTD' (74%)
2026-01-11 06:49:27,334 - INFO -   Compared: 'john mullan' vs 'd mullan'
2026-01-11 06:49:28,105 - INFO - No match: 'John Mullan' -> best: 'D MULLAN PROPERTIES LTD' (74%)
2026-01-11 06:49:28,105 - INFO -   Compared: 'john mullan' vs 'd mullan'
2026-01-11 06:49:32,235 - INFO - No match: 'Joseph Curley' -> best: 'CURLEY GRP LIMITED' (70%)
2026-01-11 06:49:32,235 - INFO -   Compared: 'joseph curley' vs 'curley grp'
2026-01-11 06:49:39,552 - INFO - No match: 'Karen Fraser' -> best: 'DR KAREN BREEN LTD' (69%)
2026-01-11 06:49:39,553 - INFO -   Compared: 'karen fraser' vs 'dr karen breen'
2026-01-11 06:49:40,319 - INFO - No match: 'Keith Innes' -> best: 'A P INNES LTD' (67%)
2026-01-11 06:49:40,319 - INFO -   Compared: 'keith innes' vs 'p innes'
2026-01-11 06:51:24,811 - INFO - No match: 'Lochaweside Management Company Ltd' -> best: 'LOCH AWESIDE MANAGEMENT COMPANY LTD' (61%)
2026-01-11 06:51:24,813 - INFO -   Compared: 'lochaweside' vs 'loch aweside'
2026-01-11 06:52:20,839 - INFO - No match: 'Mark Lindsay' -> best: 'A LINDSAY & CO' (74%)
2026-01-11 06:52:20,840 - INFO -   Compared: 'mark lindsay' vs 'lindsay'
2026-01-11 06:52:25,239 - INFO - No match: 'MARSHALL MACCALLUM' -> best: 'MACLEOD & MACCALLUM LIMITED' (74%)
2026-01-11 06:52:25,240 - INFO -   Compared: 'marshall maccallum' vs 'macleod maccallum'
2026-01-11 06:53:19,416 - INFO - No match: 'Melfort Pier Homeowners Association' -> best: 'MELFORT PIER HOLIDAYS LIMITED' (73%)
2026-01-11 06:53:19,416 - INFO -   Compared: 'melfort pier homeowners' vs 'melfort pier holidays'
2026-01-11 06:54:27,628 - INFO - No match: 'Murray Laing trading as Laing & Co' -> best: 'ANGELA LAING 1 TRADING LIMITED' (71%)
2026-01-11 06:54:27,629 - INFO -   Compared: 'murray laing trading as laing' vs 'angela laing 1 trading'
2026-01-11 06:55:20,946 - INFO - No match: 'North Ayrshire Council' -> best: 'AYRSHIRE COUNCIL ON ALCOHOL THE' (74%)
2026-01-11 06:55:20,947 - INFO -   Compared: 'ayrshire council' vs 'ayrshire council on alcohol'
2026-01-11 06:55:38,578 - INFO - No match: 'NT1112 Home Owners Organisation' -> best: 'PROPERTY OWNERS LANDLORDS LETTING ORGANI' (69%)
2026-01-11 06:55:38,580 - INFO -   Compared: 'nt1112 home owners organisation' vs 'owners landlords organisations'
2026-01-11 06:56:39,909 - INFO - No match: 'Paris Steele WS' -> best: 'PARIS STEELE TRUSTEES LIMITED' (78%)
2026-01-11 06:56:39,911 - INFO -   Compared: 'paris steele ws' vs 'paris steele trustees'
2026-01-11 06:59:22,247 - INFO - No match: 'Renfrewshire Council' -> best: 'CONNECTING CARE RENFREWSHIRE LTD' (75%)
2026-01-11 06:59:22,248 - INFO -   Compared: 'renfrewshire council' vs 'connecting care renfrewshire'
2026-01-11 07:00:00,674 - INFO - No match: 'Robin Williamson' -> best: 'AL WILLIAMSON LTD' (76%)
2026-01-11 07:00:00,674 - INFO -   Compared: 'robin williamson' vs 'al williamson'
2026-01-11 07:00:09,170 - INFO - No match: 'Roger G Dodd & Company' -> best: 'G.F. DODD & CO. LIMITED' (70%)
2026-01-11 07:00:09,170 - INFO -   Compared: 'roger g dodd' vs 'g f dodd'
2026-01-11 07:00:13,355 - INFO - No match: 'Rosehill Housing Co-operative Limited' -> best: 'ROSEHILL ARTS TRUST LIMITED' (71%)
2026-01-11 07:00:13,356 - INFO -   Compared: 'rosehill operative' vs 'rosehill arts'
2026-01-11 07:00:17,687 - INFO - No match: 'Ross Clarihew' -> best: 'A.D.H. ROSS LTD.' (57%)
2026-01-11 07:00:17,688 - INFO -   Compared: 'ross clarihew' vs 'd h ross'
2026-01-11 07:00:18,583 - INFO - No match: 'Ross McLeish' -> best: 'MCLEISH PROPERTIES LIMITED' (74%)
2026-01-11 07:00:18,584 - INFO -   Compared: 'ross mcleish' vs 'mcleish'
2026-01-11 07:01:06,702 - INFO - No match: 'Screenautumn Limited' -> best: 'AIGEN CAPITAL LIMITED' (32%)
2026-01-11 07:01:06,703 - INFO -   Compared: 'screenautumn' vs 'aigen capital'
2026-01-11 07:02:57,944 - INFO - No match: 'Steven Balmer' -> best: 'BALMER & CO SALES LIMITED' (72%)
2026-01-11 07:02:57,945 - INFO -   Compared: 'steven balmer' vs 'balmer sales'
2026-01-11 07:02:58,841 - INFO - No match: 'Steven McDougall' -> best: 'ALLAN MCDOUGALL MCQUEEN LLP' (67%)
2026-01-11 07:02:58,841 - INFO -   Compared: 'steven mcdougall' vs 'allan mcdougall mcqueen'
2026-01-11 07:02:59,742 - INFO - No match: 'Stirling Council' -> best: 'COUNCIL ON DISABILITY STIRLING' (70%)
2026-01-11 07:02:59,742 - INFO -   Compared: 'stirling council' vs 'council on disability stirling'
2026-01-11 07:03:16,082 - INFO - No match: 'The City of Edinburgh Council' -> best: 'THE ASSOCIATION OF NORTH EAST COUNCILS L' (70%)
2026-01-11 07:03:16,082 - INFO -   Compared: 'city council' vs 'councils'
2026-01-11 07:05:17,432 - INFO - No match: 'Utopia Factoring' -> best: 'FACTORING LIMITED' (67%)
2026-01-11 07:05:17,434 - INFO -   Compared: 'utopia factoring' vs 'factoring limited'
2026-01-11 07:06:22,617 - INFO - No match: 'West Lothian Council' -> best: 'CHORUS WEST LOTHIAN CIC' (79%)
2026-01-11 07:06:22,618 - INFO -   Compared: 'lothian council' vs 'chorus lothian cic'
2026-01-11 07:07:08,508 - INFO - No match: 'Wilton Factoring' -> best: 'FACTORING LIMITED' (73%)
2026-01-11 07:07:08,508 - INFO -   Compared: 'wilton factoring' vs 'factoring limited'
2026-01-11 07:07:09,308 - INFO - No match: 'Winning Quadrant Owners and Residents Association' -> best: 'THE QUADRANT (BURNAGE) RESIDENTS ASSOCIA' (71%)
2026-01-11 07:07:09,309 - INFO -   Compared: 'winning quadrant owners residents' vs 'quadrant residents'
